<?xml version="1.0" encoding="UTF-8"?>
<testsuite name="TestRunner" tests="1" skipped="0" failures="0" errors="0" timestamp="2022-03-08T20:17:47" hostname="SHAMIM" time="4.903">
  <properties/>
  <testcase name="searchCustomer" classname="TestRunner" time="4.903"/>
  <system-out><![CDATA[{"id":101,"name":"Mr. Kamal","email":"mrkamal@test.com","address":"Gulshan,Dhaka","phone_number":"01502020110"}
]]></system-out>
  <system-err><![CDATA[]]></system-err>
</testsuite>
